        -:    0:Source:src/main.c
        -:    0:Graph:./src/main.gcno
        -:    0:Data:./src/main.gcda
        -:    0:Runs:1
        -:    1:/*
        -:    2: * EN325-Advanced-digital-design teaching lab.
        -:    3: * 
        -:    4: * Copyright (C) { 2021 }  { Bertrand LE GAL} { Bordeaux-INP }
        -:    5: * 
        -:    6: * This program is free software: you can redistribute it and/or modify
        -:    7: * it under the terms of the GNU General Public License as published by
        -:    8: * the Free Software Foundation, either version 3 of the License, or
        -:    9: * any later version.
        -:   10: * 
        -:   11: * This program is distributed in the hope that it will be useful,
        -:   12: * but WITHOUT ANY WARRANTY; without even the implied warranty of
        -:   13: * MERCHANTABILITY or FITNESS FOR A PARTICULAR PURPOSE.  See the
        -:   14: * GNU General Public License for more details.
        -:   15: * 
        -:   16: * You should have received a copy of the GNU General Public License
        -:   17: * along with this program.  If not, see <http://www.gnu.org/licenses/>
        -:   18:*/
        -:   19:
        -:   20:#include "stdio.h"
        -:   21:#include "stdlib.h"
        -:   22:#include "math.h"
        -:   23:#include "assert.h"
        -:   24:#include "time.h"
        -:   25:
        -:   26:#include "pgcd.h"
        -:   27:
        -:   28:
    #####:   29:int getRand(){
     100*:   30:	return (rand()%65535)+1; //returns a rand int between 0 and 65535
        -:   31:}
        -:   32:
      107:   33:void test(int a, int b) {
     107*:   34:	assert(PGCD(a,b)==PGCD2(a,b)); 
      107:   35:}
        -:   36:
        1:   37:int main (int argc, char * argv []){
        1:   38:	srand( time( NULL ) );
        -:   39:	printf("(II) Starting PGCD program\n");
        -:   40:
        -:   41:	int tests = 100;
        -:   42:	printf("Testing for %d random values\n",tests);
      101:   43:	for(int i=0;i<tests;i++) {
        -:   44:		int a = getRand();
        -:   45:		int b = getRand();
        -:   46:		//printf("PGCD de %d et %d donne %d et %d\n",a,b,PGCD(a,b),PGCD2(a,b));
      100:   47:		test(a,b);
        -:   48:	}
        -:   49:	printf("Testing some specific values\n");
        -:   50:	
        1:   51:	test(1,1);
        1:   52:	test(1,9);
        1:   53:	test(129,87);
        1:   54:	test(87,129);
        1:   55:	test(65535,65535);
        1:   56:	test(65535,12654);
        1:   57:	test(45667,9871);
        -:   58:
        -:   59:	printf("(II) End of PGCD program\n");
        -:   60:  return 0;
        -:   61:}
